  Game.cpp
  main.cpp
  MainMenu.cpp
  Player.cpp
  Scene.cpp
C:\Users\lator\Documents\GitHub\CELESTE_PICO-8\GAME\2DGame\02-Bubble\02-Bubble\Scene.cpp(12,1): warning C4005: 'INIT_PLAYER_Y_TILES': macro redefinition
C:\Users\lator\Documents\GitHub\CELESTE_PICO-8\GAME\2DGame\02-Bubble\02-Bubble\MapScene.h(12): message : see previous definition of 'INIT_PLAYER_Y_TILES'
  Shader.cpp
  ShaderProgram.cpp
  Source.cpp
  MapScene.cpp
  Sprite.cpp
  Texture.cpp
  TileMap.cpp
  Generating Code...
SOIL.lib(image_DXT.obj) : warning LNK4099: PDB 'vc100.pdb' was not found with 'SOIL.lib(image_DXT.obj)' or at 'C:\Users\lator\Documents\GitHub\CELESTE_PICO-8\GAME\2DGame\02-Bubble\Debug\vc100.pdb'; linking object as if no debug info
SOIL.lib(image_helper.obj) : warning LNK4099: PDB 'vc100.pdb' was not found with 'SOIL.lib(image_helper.obj)' or at 'C:\Users\lator\Documents\GitHub\CELESTE_PICO-8\GAME\2DGame\02-Bubble\Debug\vc100.pdb'; linking object as if no debug info
SOIL.lib(SOIL.obj) : warning LNK4099: PDB 'vc100.pdb' was not found with 'SOIL.lib(SOIL.obj)' or at 'C:\Users\lator\Documents\GitHub\CELESTE_PICO-8\GAME\2DGame\02-Bubble\Debug\vc100.pdb'; linking object as if no debug info
SOIL.lib(stb_image_aug.obj) : warning LNK4099: PDB 'vc100.pdb' was not found with 'SOIL.lib(stb_image_aug.obj)' or at 'C:\Users\lator\Documents\GitHub\CELESTE_PICO-8\GAME\2DGame\02-Bubble\Debug\vc100.pdb'; linking object as if no debug info
  02-Bubble.vcxproj -> C:\Users\lator\Documents\GitHub\CELESTE_PICO-8\GAME\2DGame\02-Bubble\Debug\02-Bubble.exe
